#-----------------------------------------------------------
# Vivado v2018.2 (64-bit)
# SW Build 2258646 on Thu Jun 14 20:03:12 MDT 2018
# IP Build 2256618 on Thu Jun 14 22:10:49 MDT 2018
# Start of session at: Thu Jul 30 23:03:09 2020
# Process ID: 22752
# Current directory: C:/Users/AREA184/Desktop/project_2
# Command line: vivado.exe -gui_launcher_event rodinguilauncherevent26392 C:\Users\AREA184\Desktop\project_2\project_2.xpr
# Log file: C:/Users/AREA184/Desktop/project_2/vivado.log
# Journal file: C:/Users/AREA184/Desktop/project_2\vivado.jou
#-----------------------------------------------------------
start_gui
open_project C:/Users/AREA184/Desktop/project_2/project_2.xpr
Scanning sources...
Finished scanning sources
WARNING: [filemgmt 56-3] IP Repository Path: Could not find the directory 'C:/Users/AREA184/Desktop/RGB2DVI_IP'.
INFO: [IP_Flow 19-234] Refreshing IP repositories
WARNING: [IP_Flow 19-2248] Failed to load user IP repository 'c:/Users/AREA184/Desktop/RGB2DVI_IP'; Can't find the specified path.
If this directory should no longer be in your list of user repositories, go to the IP Settings dialog and remove it.
INFO: [IP_Flow 19-2313] Loaded Vivado IP repository 'D:/Vivado/Vivado/2018.2/data/ip'.
WARNING: [IP_Flow 19-2162] IP 'rgb2dvi_0' is locked:
* IP definition 'rgb2dvi (1.2)' for IP 'rgb2dvi_0' (customized with software release 2018.2) was not found in the IP Catalog.
Please select 'Report IP Status' from the 'Tools/Report' menu or run Tcl command 'report_ip_status' for more information.
open_project: Time (s): cpu = 00:00:12 ; elapsed = 00:00:07 . Memory (MB): peak = 840.258 ; gain = 116.066
update_compile_order -fileset sources_1
launch_runs synth_1 -jobs 2
[Thu Jul 30 23:15:45 2020] Launched synth_1...
Run output will be captured here: C:/Users/AREA184/Desktop/project_2/project_2.runs/synth_1/runme.log
reset_run synth_1
update_compile_order -fileset sources_1
launch_runs synth_1 -jobs 2
INFO: [IP_Flow 19-1686] Generating 'Synthesis' target for IP 'blk_mem_gen_0'...
INFO: [IP_Flow 19-1686] Generating 'Synthesis' target for IP 'blk_mem_gen_1'...
[Thu Jul 30 23:17:29 2020] Launched blk_mem_gen_0_synth_1, blk_mem_gen_1_synth_1...
Run output will be captured here:
blk_mem_gen_0_synth_1: C:/Users/AREA184/Desktop/project_2/project_2.runs/blk_mem_gen_0_synth_1/runme.log
blk_mem_gen_1_synth_1: C:/Users/AREA184/Desktop/project_2/project_2.runs/blk_mem_gen_1_synth_1/runme.log
[Thu Jul 30 23:17:29 2020] Launched synth_1...
Run output will be captured here: C:/Users/AREA184/Desktop/project_2/project_2.runs/synth_1/runme.log
launch_runs: Time (s): cpu = 00:00:10 ; elapsed = 00:00:13 . Memory (MB): peak = 907.965 ; gain = 0.000
launch_runs impl_1 -jobs 2
[Thu Jul 30 23:19:36 2020] Launched impl_1...
Run output will be captured here: C:/Users/AREA184/Desktop/project_2/project_2.runs/impl_1/runme.log
launch_runs impl_1 -to_step write_bitstream -jobs 2
[Thu Jul 30 23:21:18 2020] Launched impl_1...
Run output will be captured here: C:/Users/AREA184/Desktop/project_2/project_2.runs/impl_1/runme.log
update_compile_order -fileset sources_1
reset_run synth_1
launch_runs synth_1 -jobs 2
WARNING: [HDL 9-2994] overwriting previous definition of module clk_div [C:/Users/AREA184/Desktop/project_2/project_2.srcs/sources_1/new/div.v:23]
WARNING: [filemgmt 20-1318] Duplicate Design Unit 'clk_div()' found in library 'xil_defaultlib'
Duplicate found at line 21 of file C:/Users/AREA184/Desktop/project_2/project_2.srcs/sources_1/new/clk_div.v
	(Active) Duplicate found at line 23 of file C:/Users/AREA184/Desktop/project_2/project_2.srcs/sources_1/new/div.v
[Fri Jul 31 00:00:40 2020] Launched synth_1...
Run output will be captured here: C:/Users/AREA184/Desktop/project_2/project_2.runs/synth_1/runme.log
reset_run synth_1
launch_runs synth_1 -jobs 2
[Fri Jul 31 00:02:10 2020] Launched synth_1...
Run output will be captured here: C:/Users/AREA184/Desktop/project_2/project_2.runs/synth_1/runme.log
launch_runs impl_1 -jobs 2
[Fri Jul 31 00:03:15 2020] Launched impl_1...
Run output will be captured here: C:/Users/AREA184/Desktop/project_2/project_2.runs/impl_1/runme.log
launch_runs impl_1 -to_step write_bitstream -jobs 2
[Fri Jul 31 00:04:57 2020] Launched impl_1...
Run output will be captured here: C:/Users/AREA184/Desktop/project_2/project_2.runs/impl_1/runme.log
exit
INFO: [Common 17-206] Exiting Vivado at Fri Jul 31 00:06:53 2020...
