#-----------------------------------------------------------
# Vivado v2018.2 (64-bit)
# SW Build 2258646 on Thu Jun 14 20:03:12 MDT 2018
# IP Build 2256618 on Thu Jun 14 22:10:49 MDT 2018
# Start of session at: Fri Jul 31 20:52:40 2020
# Process ID: 14660
# Current directory: C:/Users/AREA184/Desktop/gameplane
# Command line: vivado.exe -gui_launcher_event rodinguilauncherevent9620 C:\Users\AREA184\Desktop\gameplane\project_2.xpr
# Log file: C:/Users/AREA184/Desktop/gameplane/vivado.log
# Journal file: C:/Users/AREA184/Desktop/gameplane\vivado.jou
#-----------------------------------------------------------
start_gui
open_project C:/Users/AREA184/Desktop/gameplane/project_2.xpr
INFO: [Project 1-313] Project file moved from 'C:/Users/AREA184/Desktop/project_2' since last save.
Scanning sources...
Finished scanning sources
WARNING: [filemgmt 56-3] IP Repository Path: Could not find the directory 'C:/Users/AREA184/Desktop/RGB2DVI_IP'.
INFO: [IP_Flow 19-234] Refreshing IP repositories
WARNING: [IP_Flow 19-2248] Failed to load user IP repository 'c:/Users/AREA184/Desktop/RGB2DVI_IP'; Can't find the specified path.
If this directory should no longer be in your list of user repositories, go to the IP Settings dialog and remove it.
INFO: [IP_Flow 19-2313] Loaded Vivado IP repository 'D:/Vivado/Vivado/2018.2/data/ip'.
WARNING: [IP_Flow 19-2162] IP 'rgb2dvi_0' is locked:
* IP definition 'rgb2dvi (1.2)' for IP 'rgb2dvi_0' (customized with software release 2018.2) was not found in the IP Catalog.
Please select 'Report IP Status' from the 'Tools/Report' menu or run Tcl command 'report_ip_status' for more information.
open_project: Time (s): cpu = 00:00:14 ; elapsed = 00:00:09 . Memory (MB): peak = 843.609 ; gain = 114.234
update_compile_order -fileset sources_1
export_ip_user_files -of_objects  [get_files C:/Users/AREA184/Desktop/gameplane/project_2.srcs/sources_1/ip/blk_mem_gen_0/blk_mem_gen_0.xci] -no_script -reset -force -quiet
remove_files  -fileset blk_mem_gen_0 C:/Users/AREA184/Desktop/gameplane/project_2.srcs/sources_1/ip/blk_mem_gen_0/blk_mem_gen_0.xci
INFO: [Project 1-386] Moving file 'C:/Users/AREA184/Desktop/gameplane/project_2.srcs/sources_1/ip/blk_mem_gen_0/blk_mem_gen_0.xci' from fileset 'blk_mem_gen_0' to fileset 'sources_1'.
file delete -force C:/Users/AREA184/Desktop/gameplane/project_2.srcs/sources_1/ip/blk_mem_gen_0
export_ip_user_files -of_objects  [get_files C:/Users/AREA184/Desktop/gameplane/project_2.srcs/sources_1/ip/blk_mem_gen_1/blk_mem_gen_1.xci] -no_script -reset -force -quiet
remove_files  -fileset blk_mem_gen_1 C:/Users/AREA184/Desktop/gameplane/project_2.srcs/sources_1/ip/blk_mem_gen_1/blk_mem_gen_1.xci
INFO: [Project 1-386] Moving file 'C:/Users/AREA184/Desktop/gameplane/project_2.srcs/sources_1/ip/blk_mem_gen_1/blk_mem_gen_1.xci' from fileset 'blk_mem_gen_1' to fileset 'sources_1'.
file delete -force C:/Users/AREA184/Desktop/gameplane/project_2.srcs/sources_1/ip/blk_mem_gen_1
INFO: [Device 21-403] Loading part xc7s15ftgb196-1
WARNING: [IP_Flow 19-4067] Ignoring invalid widget type specified checkbox.Providing a default widget
WARNING: [IP_Flow 19-4067] Ignoring invalid widget type specified checkbox.Providing a default widget
INFO: [IP_Flow 19-3484] Absolute path of file 'c:/Users/AREA184/Desktop/gameplane/plane3_R_Rom.coe' provided. It will be converted relative to IP Instance files '../../../../plane3_R_Rom.coe'
INFO: [IP_Flow 19-3484] Absolute path of file 'c:/Users/AREA184/Desktop/gameplane/plane3_R_Rom.coe' provided. It will be converted relative to IP Instance files '../../../../plane3_R_Rom.coe'
create_ip -name blk_mem_gen -vendor xilinx.com -library ip -version 8.4 -module_name plane_rom -dir c:/Users/AREA184/Desktop/gameplane/project_2.srcs/sources_1/ip
set_property -dict [list CONFIG.Component_Name {plane_rom} CONFIG.Memory_Type {Single_Port_ROM} CONFIG.Write_Width_A {8} CONFIG.Write_Depth_A {10000} CONFIG.Read_Width_A {8} CONFIG.Write_Width_B {8} CONFIG.Read_Width_B {8} CONFIG.Load_Init_File {true} CONFIG.Coe_File {C:/Users/AREA184/Desktop/gameplane/plane3_R_Rom.coe} CONFIG.Port_A_Write_Rate {0}] [get_ips plane_rom]
WARNING: [Vivado 12-3523] Attempt to change 'Component_Name' from 'plane_rom' to 'plane_rom' is not allowed and is ignored.
INFO: [IP_Flow 19-3484] Absolute path of file 'c:/Users/AREA184/Desktop/gameplane/plane3_R_Rom.coe' provided. It will be converted relative to IP Instance files '../../../../plane3_R_Rom.coe'
generate_target {instantiation_template} [get_files c:/Users/AREA184/Desktop/gameplane/project_2.srcs/sources_1/ip/plane_rom/plane_rom.xci]
INFO: [IP_Flow 19-1686] Generating 'Instantiation Template' target for IP 'plane_rom'...
update_compile_order -fileset sources_1
generate_target all [get_files  c:/Users/AREA184/Desktop/gameplane/project_2.srcs/sources_1/ip/plane_rom/plane_rom.xci]
INFO: [IP_Flow 19-1686] Generating 'Synthesis' target for IP 'plane_rom'...
INFO: [IP_Flow 19-1686] Generating 'Simulation' target for IP 'plane_rom'...
INFO: [IP_Flow 19-1686] Generating 'Miscellaneous' target for IP 'plane_rom'...
INFO: [IP_Flow 19-1686] Generating 'Change Log' target for IP 'plane_rom'...
generate_target: Time (s): cpu = 00:00:07 ; elapsed = 00:00:08 . Memory (MB): peak = 1096.133 ; gain = 0.000
catch { config_ip_cache -export [get_ips -all plane_rom] }
export_ip_user_files -of_objects [get_files c:/Users/AREA184/Desktop/gameplane/project_2.srcs/sources_1/ip/plane_rom/plane_rom.xci] -no_script -sync -force -quiet
create_ip_run [get_files -of_objects [get_fileset sources_1] c:/Users/AREA184/Desktop/gameplane/project_2.srcs/sources_1/ip/plane_rom/plane_rom.xci]
launch_runs -jobs 2 plane_rom_synth_1
[Fri Jul 31 20:55:06 2020] Launched plane_rom_synth_1...
Run output will be captured here: C:/Users/AREA184/Desktop/gameplane/project_2.runs/plane_rom_synth_1/runme.log
export_simulation -of_objects [get_files c:/Users/AREA184/Desktop/gameplane/project_2.srcs/sources_1/ip/plane_rom/plane_rom.xci] -directory C:/Users/AREA184/Desktop/gameplane/project_2.ip_user_files/sim_scripts -ip_user_files_dir C:/Users/AREA184/Desktop/gameplane/project_2.ip_user_files -ipstatic_source_dir C:/Users/AREA184/Desktop/gameplane/project_2.ip_user_files/ipstatic -lib_map_path [list {modelsim=C:/Users/AREA184/Desktop/gameplane/project_2.cache/compile_simlib/modelsim} {questa=C:/Users/AREA184/Desktop/gameplane/project_2.cache/compile_simlib/questa} {riviera=C:/Users/AREA184/Desktop/gameplane/project_2.cache/compile_simlib/riviera} {activehdl=C:/Users/AREA184/Desktop/gameplane/project_2.cache/compile_simlib/activehdl}] -use_ip_compiled_libs -force -quiet
WARNING: [IP_Flow 19-4067] Ignoring invalid widget type specified checkbox.Providing a default widget
WARNING: [IP_Flow 19-4067] Ignoring invalid widget type specified checkbox.Providing a default widget
WARNING: [IP_Flow 19-4067] Ignoring invalid widget type specified checkbox.Providing a default widget
WARNING: [IP_Flow 19-4067] Ignoring invalid widget type specified checkbox.Providing a default widget
INFO: [IP_Flow 19-3484] Absolute path of file 'c:/Users/AREA184/Desktop/gameplane/ufo3_R_Rom.coe' provided. It will be converted relative to IP Instance files '../../../../ufo3_R_Rom.coe'
INFO: [IP_Flow 19-3484] Absolute path of file 'c:/Users/AREA184/Desktop/gameplane/ufo3_R_Rom.coe' provided. It will be converted relative to IP Instance files '../../../../ufo3_R_Rom.coe'
create_ip -name blk_mem_gen -vendor xilinx.com -library ip -version 8.4 -module_name ufo_rom -dir c:/Users/AREA184/Desktop/gameplane/project_2.srcs/sources_1/ip
set_property -dict [list CONFIG.Component_Name {ufo_rom} CONFIG.Memory_Type {Single_Port_ROM} CONFIG.Write_Width_A {8} CONFIG.Write_Depth_A {10000} CONFIG.Read_Width_A {8} CONFIG.Write_Width_B {8} CONFIG.Read_Width_B {8} CONFIG.Load_Init_File {true} CONFIG.Coe_File {C:/Users/AREA184/Desktop/gameplane/ufo3_R_Rom.coe} CONFIG.Port_A_Write_Rate {0}] [get_ips ufo_rom]
WARNING: [Vivado 12-3523] Attempt to change 'Component_Name' from 'ufo_rom' to 'ufo_rom' is not allowed and is ignored.
INFO: [IP_Flow 19-3484] Absolute path of file 'c:/Users/AREA184/Desktop/gameplane/ufo3_R_Rom.coe' provided. It will be converted relative to IP Instance files '../../../../ufo3_R_Rom.coe'
generate_target {instantiation_template} [get_files c:/Users/AREA184/Desktop/gameplane/project_2.srcs/sources_1/ip/ufo_rom/ufo_rom.xci]
INFO: [IP_Flow 19-1686] Generating 'Instantiation Template' target for IP 'ufo_rom'...
update_compile_order -fileset sources_1
generate_target all [get_files  c:/Users/AREA184/Desktop/gameplane/project_2.srcs/sources_1/ip/ufo_rom/ufo_rom.xci]
INFO: [IP_Flow 19-1686] Generating 'Synthesis' target for IP 'ufo_rom'...
INFO: [IP_Flow 19-1686] Generating 'Simulation' target for IP 'ufo_rom'...
INFO: [IP_Flow 19-1686] Generating 'Miscellaneous' target for IP 'ufo_rom'...
INFO: [IP_Flow 19-1686] Generating 'Change Log' target for IP 'ufo_rom'...
generate_target: Time (s): cpu = 00:00:08 ; elapsed = 00:00:08 . Memory (MB): peak = 1115.176 ; gain = 0.000
catch { config_ip_cache -export [get_ips -all ufo_rom] }
export_ip_user_files -of_objects [get_files c:/Users/AREA184/Desktop/gameplane/project_2.srcs/sources_1/ip/ufo_rom/ufo_rom.xci] -no_script -sync -force -quiet
create_ip_run [get_files -of_objects [get_fileset sources_1] c:/Users/AREA184/Desktop/gameplane/project_2.srcs/sources_1/ip/ufo_rom/ufo_rom.xci]
launch_runs -jobs 2 ufo_rom_synth_1
[Fri Jul 31 20:56:42 2020] Launched ufo_rom_synth_1...
Run output will be captured here: C:/Users/AREA184/Desktop/gameplane/project_2.runs/ufo_rom_synth_1/runme.log
export_simulation -of_objects [get_files c:/Users/AREA184/Desktop/gameplane/project_2.srcs/sources_1/ip/ufo_rom/ufo_rom.xci] -directory C:/Users/AREA184/Desktop/gameplane/project_2.ip_user_files/sim_scripts -ip_user_files_dir C:/Users/AREA184/Desktop/gameplane/project_2.ip_user_files -ipstatic_source_dir C:/Users/AREA184/Desktop/gameplane/project_2.ip_user_files/ipstatic -lib_map_path [list {modelsim=C:/Users/AREA184/Desktop/gameplane/project_2.cache/compile_simlib/modelsim} {questa=C:/Users/AREA184/Desktop/gameplane/project_2.cache/compile_simlib/questa} {riviera=C:/Users/AREA184/Desktop/gameplane/project_2.cache/compile_simlib/riviera} {activehdl=C:/Users/AREA184/Desktop/gameplane/project_2.cache/compile_simlib/activehdl}] -use_ip_compiled_libs -force -quiet
reset_run synth_1
launch_runs synth_1 -jobs 2
[Fri Jul 31 21:02:50 2020] Launched synth_1...
Run output will be captured here: C:/Users/AREA184/Desktop/gameplane/project_2.runs/synth_1/runme.log
launch_runs impl_1 -jobs 2
[Fri Jul 31 21:03:49 2020] Launched impl_1...
Run output will be captured here: C:/Users/AREA184/Desktop/gameplane/project_2.runs/impl_1/runme.log
launch_runs impl_1 -to_step write_bitstream -jobs 2
[Fri Jul 31 21:05:26 2020] Launched impl_1...
Run output will be captured here: C:/Users/AREA184/Desktop/gameplane/project_2.runs/impl_1/runme.log
reset_run synth_1
launch_runs synth_1 -jobs 2
[Fri Jul 31 21:08:55 2020] Launched synth_1...
Run output will be captured here: C:/Users/AREA184/Desktop/gameplane/project_2.runs/synth_1/runme.log
launch_runs impl_1 -jobs 2
[Fri Jul 31 21:09:51 2020] Launched impl_1...
Run output will be captured here: C:/Users/AREA184/Desktop/gameplane/project_2.runs/impl_1/runme.log
launch_runs impl_1 -to_step write_bitstream -jobs 2
[Fri Jul 31 21:11:19 2020] Launched impl_1...
Run output will be captured here: C:/Users/AREA184/Desktop/gameplane/project_2.runs/impl_1/runme.log
reset_run synth_1
launch_runs synth_1 -jobs 2
[Fri Jul 31 21:17:41 2020] Launched synth_1...
Run output will be captured here: C:/Users/AREA184/Desktop/gameplane/project_2.runs/synth_1/runme.log
launch_runs impl_1 -jobs 2
[Fri Jul 31 21:18:41 2020] Launched impl_1...
Run output will be captured here: C:/Users/AREA184/Desktop/gameplane/project_2.runs/impl_1/runme.log
launch_runs impl_1 -to_step write_bitstream -jobs 2
[Fri Jul 31 21:20:25 2020] Launched impl_1...
Run output will be captured here: C:/Users/AREA184/Desktop/gameplane/project_2.runs/impl_1/runme.log
reset_run synth_1
launch_runs synth_1 -jobs 2
[Fri Jul 31 21:22:22 2020] Launched synth_1...
Run output will be captured here: C:/Users/AREA184/Desktop/gameplane/project_2.runs/synth_1/runme.log
launch_runs impl_1 -jobs 2
[Fri Jul 31 21:24:48 2020] Launched impl_1...
Run output will be captured here: C:/Users/AREA184/Desktop/gameplane/project_2.runs/impl_1/runme.log
launch_runs impl_1 -to_step write_bitstream -jobs 2
[Fri Jul 31 21:26:21 2020] Launched impl_1...
Run output will be captured here: C:/Users/AREA184/Desktop/gameplane/project_2.runs/impl_1/runme.log
exit
INFO: [Common 17-206] Exiting Vivado at Fri Jul 31 21:39:25 2020...
